<?xml version="1.0" encoding="UTF-8"?>
<!-- Generated by org.testng.reporters.JUnitReportReporter -->
<testsuite hostname="DESKTOP-R02VMI2" name="com.RestAssuredProj.RestTest4" tests="1" failures="0" timestamp="17 Oct 2017 15:27:58 GMT" time="2.445" errors="0">
  <testcase name="testJsonPath1" time="2.445" classname="com.RestAssuredProj.RestTest4"/>
</testsuite> <!-- com.RestAssuredProj.RestTest4 -->
