<?xml version="1.0" encoding="UTF-8"?>
<!-- Generated by org.testng.reporters.JUnitReportReporter -->
<testsuite hostname="DESKTOP-R02VMI2" name="com.RestAssuredProj.RestTest2" tests="1" failures="0" timestamp="17 Oct 2017 03:59:43 GMT" time="3.006" errors="0">
  <testcase name="testRestPost" time="3.006" classname="com.RestAssuredProj.RestTest2"/>
</testsuite> <!-- com.RestAssuredProj.RestTest2 -->
