<?xml version="1.0" encoding="UTF-8"?>
<!-- Generated by org.testng.reporters.JUnitReportReporter -->
<testsuite hostname="DESKTOP-R02VMI2" name="com.RestAssuredProj.RestTest3" tests="1" failures="0" timestamp="17 Oct 2017 08:17:01 GMT" time="2.441" errors="0">
  <testcase name="testExtractDetailsUsingResponse" time="2.441" classname="com.RestAssuredProj.RestTest3"/>
</testsuite> <!-- com.RestAssuredProj.RestTest3 -->
