<?xml version="1.0" encoding="UTF-8"?>
<!-- Generated by org.testng.reporters.JUnitReportReporter -->
<testsuite hostname="DESKTOP-R02VMI2" name="com.qa.test.TestResrBasicFeatures" tests="1" failures="0" timestamp="10 Mar 2018 17:02:05 GMT" time="23.594" errors="0">
  <testcase name="testParametersAndHeaders" time="23.594" classname="com.qa.test.TestResrBasicFeatures"/>
</testsuite> <!-- com.qa.test.TestResrBasicFeatures -->
