<?xml version="1.0" encoding="UTF-8"?>
<!-- Generated by org.testng.reporters.JUnitReportReporter -->
<testsuite hostname="DESKTOP-R02VMI2" name="com.RestAssuredProj.RestTest1" tests="1" failures="0" timestamp="24 Mar 2018 05:27:58 GMT" time="3.844" errors="0">
  <testcase name="testStatusCode" time="3.844" classname="com.RestAssuredProj.RestTest1"/>
</testsuite> <!-- com.RestAssuredProj.RestTest1 -->
