<?xml version="1.0" encoding="UTF-8"?>
<!-- Generated by org.testng.reporters.JUnitReportReporter -->
<testsuite skipped="0" hostname="DESKTOP-R02VMI2" name="com.qa.tests.GetAPITest" tests="1" failures="0" timestamp="02 May 2018 15:54:11 GMT" time="13.087" errors="0">
  <testcase name="getTest" time="13.087" classname="com.qa.tests.GetAPITest"/>
</testsuite> <!-- com.qa.tests.GetAPITest -->
