<?xml version="1.0" encoding="UTF-8"?>
<!-- Generated by org.testng.reporters.JUnitReportReporter -->
<testsuite hostname="DESKTOP-R02VMI2" name="com.qa.test.TestXMLBaseFeatures" tests="1" failures="0" timestamp="4 Feb 2018 15:25:09 GMT" time="4.167" errors="0">
  <testcase name="testSingleContent" time="4.167" classname="com.qa.test.TestXMLBaseFeatures"/>
</testsuite> <!-- com.qa.test.TestXMLBaseFeatures -->
