<?xml version="1.0" encoding="UTF-8"?>
<!-- Generated by org.testng.reporters.JUnitReportReporter -->
<testsuite hostname="DESKTOP-R02VMI2" name="com.RestAssuredProj.XMLTest1" tests="1" failures="0" timestamp="16 Oct 2017 15:33:11 GMT" time="6.447" errors="0">
  <testcase name="testSingleContent" time="6.447" classname="com.RestAssuredProj.XMLTest1"/>
</testsuite> <!-- com.RestAssuredProj.XMLTest1 -->
