<?xml version="1.0" encoding="UTF-8"?>
<!-- Generated by org.testng.reporters.JUnitReportReporter -->
<testsuite hostname="DESKTOP-R02VMI2" name="com.qa.test.Test_Rest_WithRoot" tests="1" failures="0" timestamp="4 Feb 2018 16:05:59 GMT" time="4.308" errors="0">
  <testcase name="testDetachRoot" time="4.308" classname="com.qa.test.Test_Rest_WithRoot"/>
</testsuite> <!-- com.qa.test.Test_Rest_WithRoot -->
