<?xml version="1.0" encoding="UTF-8"?>
<!-- Generated by org.testng.reporters.JUnitReportReporter -->
<testsuite hostname="DESKTOP-R02VMI2" name="com.qa.test.TestGroovyFeatures" tests="1" failures="0" timestamp="6 Feb 2018 17:50:19 GMT" time="7.250" errors="0">
  <testcase name="testBodyParametersInResponse" time="7.250" classname="com.qa.test.TestGroovyFeatures"/>
</testsuite> <!-- com.qa.test.TestGroovyFeatures -->
