<?xml version="1.0" encoding="UTF-8"?>
<!-- Generated by org.testng.reporters.JUnitReportReporter -->
<testsuite hostname="DESKTOP-R02VMI2" name="com.qa.test.TestBasicFeatures" tests="1" failures="0" timestamp="4 Feb 2018 15:19:23 GMT" time="3.661" errors="0">
  <testcase name="testParametersAndHeaders" time="3.661" classname="com.qa.test.TestBasicFeatures"/>
</testsuite> <!-- com.qa.test.TestBasicFeatures -->
